nohup: ignoring input
Traceback (most recent call last):
  File "/home/filth/nonprofit-api/./venv/bin/uvicorn", line 8, in <module>
    sys.exit(main())
             ~~~~^^
  File "/home/filth/nonprofit-api/venv/lib/python3.13/site-packages/click/core.py", line 1569, in __call__
    return self.main(*args, **kwargs)
           ~~~~~~~~~^^^^^^^^^^^^^^^^^
  File "/home/filth/nonprofit-api/venv/lib/python3.13/site-packages/click/core.py", line 1490, in main
    rv = self.invoke(ctx)
  File "/home/filth/nonprofit-api/venv/lib/python3.13/site-packages/click/core.py", line 1353, in invoke
    return ctx.invoke(self.callback, **ctx.params)
           ~~~~~~~~~~^^^^^^^^^^^^^^^^^^^^^^^^^^^^^
  File "/home/filth/nonprofit-api/venv/lib/python3.13/site-packages/click/core.py", line 907, in invoke
    return callback(*args, **kwargs)
  File "/home/filth/nonprofit-api/venv/lib/python3.13/site-packages/uvicorn/main.py", line 441, in main
    run(
    ~~~^
        app,
        ^^^^
    ...<48 lines>...
        reset_contextvars=reset_contextvars,
        ^^^^^^^^^^^^^^^^^^^^^^^^^^^^^^^^^^^^
    )
    ^
  File "/home/filth/nonprofit-api/venv/lib/python3.13/site-packages/uvicorn/main.py", line 609, in run
    config.load_app()
    ~~~~~~~~~~~~~~~^^
  File "/home/filth/nonprofit-api/venv/lib/python3.13/site-packages/uvicorn/config.py", line 415, in load_app
    return import_from_string(self.app)
  File "/home/filth/nonprofit-api/venv/lib/python3.13/site-packages/uvicorn/importer.py", line 22, in import_from_string
    raise exc from None
  File "/home/filth/nonprofit-api/venv/lib/python3.13/site-packages/uvicorn/importer.py", line 19, in import_from_string
    module = importlib.import_module(module_str)
  File "/usr/lib/python3.13/importlib/__init__.py", line 88, in import_module
    return _bootstrap._gcd_import(name[level:], package, level)
           ~~~~~~~~~~~~~~~~~~~~~~^^^^^^^^^^^^^^^^^^^^^^^^^^^^^^
  File "<frozen importlib._bootstrap>", line 1387, in _gcd_import
  File "<frozen importlib._bootstrap>", line 1360, in _find_and_load
  File "<frozen importlib._bootstrap>", line 1331, in _find_and_load_unlocked
  File "<frozen importlib._bootstrap>", line 935, in _load_unlocked
  File "<frozen importlib._bootstrap_external>", line 1026, in exec_module
  File "<frozen importlib._bootstrap>", line 488, in _call_with_frames_removed
  File "/home/filth/nonprofit-api/app/main.py", line 14, in <module>
    from .services.scheduler_service import SchedulerService
  File "/home/filth/nonprofit-api/app/services/scheduler_service.py", line 3, in <module>
    from apscheduler.schedulers.asyncio import AsyncIOScheduler
ModuleNotFoundError: No module named 'apscheduler'
